 082621 10:39:53 PM: INFO: #######Test_001_Login #########
 082621 10:39:53 PM: INFO: #######test_homePageValidate started #########
 082621 10:39:59 PM: INFO: #######test_homePageValidate successful #########
 082621 10:50:33 PM: INFO: #######Test_001_Login #########
 082621 10:50:33 PM: INFO: #######test_homePageValidate started #########
 082621 10:50:41 PM: INFO: #######test_homePageValidate successful #########
 082621 11:04:38 PM: INFO: #######Test_001_Login #########
 082621 11:04:39 PM: INFO: #######test_homePageValidate started #########
 082621 11:04:45 PM: INFO: #######test_homePageValidate successful #########
 082621 11:05:18 PM: INFO: #######Test_001_Login #########
 082621 11:05:18 PM: INFO: #######test_homePageValidate started #########
 082621 11:05:23 PM: INFO: #######test_homePageValidate successful #########
 082621 11:09:01 PM: INFO: #######Test_001_Login #########
 082621 11:09:01 PM: INFO: #######test_homePageValidate started #########
 082621 11:09:08 PM: INFO: #######test_homePageValidate successful #########
 082621 11:09:48 PM: INFO: #######Test_001_Login #########
 082621 11:09:48 PM: INFO: #######test_homePageValidate started #########
 082621 11:09:55 PM: INFO: #######test_homePageValidate successful #########
 082621 11:11:02 PM: INFO: #######Test_001_Login #########
 082621 11:11:02 PM: INFO: #######test_homePageValidate started #########
 082621 11:11:09 PM: INFO: #######test_homePageValidate successful #########
 082621 11:17:54 PM: INFO: #######Test_001_Login #########
 082621 11:17:54 PM: INFO: #######test_homePageValidate started #########
 082621 11:18:01 PM: INFO: #######test_homePageValidate successful #########
 082621 11:18:06 PM: INFO: #######test_login #########
 082621 11:18:12 PM: INFO: ####### Username added #########
 082721 07:25:25 PM: INFO: #######Test_001_Login #########
 082721 07:25:25 PM: INFO: #######test_homePageValidate started #########
 082721 07:25:28 PM: INFO: #######test_homePageValidate successful #########
 082721 07:25:33 PM: INFO: #######test_login #########
 082721 07:25:35 PM: INFO: ####### Clicked on Continue #########
 082721 07:26:52 PM: INFO: #######Test_001_Login #########
 082721 07:26:52 PM: INFO: #######test_homePageValidate started #########
 082721 07:26:55 PM: INFO: #######test_homePageValidate successful #########
 082721 07:27:00 PM: INFO: #######test_login #########
 082721 07:27:01 PM: INFO: ####### Clicked on Continue #########
 082721 07:36:10 PM: INFO: #######Test_001_Login #########
 082721 07:36:10 PM: INFO: #######test_homePageValidate started #########
 082721 07:36:12 PM: INFO: #######test_homePageValidate successful #########
 082721 07:36:17 PM: INFO: #######test_login #########
 082721 07:36:18 PM: INFO: ####### Email entered #########
 082721 07:36:19 PM: INFO: ####### Clicked on Continue #########
 082721 07:36:19 PM: INFO: ####### Password entered #########
 082721 07:36:19 PM: INFO: ####### Clicked on Login  #########
 082721 07:41:42 PM: INFO: #######Test_001_Login #########
 082721 07:41:42 PM: INFO: #######test_homePageValidate started #########
 082721 07:41:45 PM: INFO: #######test_homePageValidate successful #########
 082721 07:41:50 PM: INFO: #######test_login #########
 082721 07:41:51 PM: INFO: ####### Email entered #########
 082721 07:41:52 PM: INFO: ####### Clicked on Continue #########
 082721 07:41:52 PM: INFO: ####### Password entered #########
 082721 07:41:52 PM: INFO: ####### Clicked on Login  #########
 082821 09:55:41 PM: INFO: #######Test_001_Login #########
 082821 09:55:41 PM: INFO: #######test_homePageValidate started #########
 082821 09:55:43 PM: INFO: #######test_homePageValidate successful #########
 082821 09:55:48 PM: INFO: #######test_login #########
 082821 09:55:49 PM: INFO: ####### Email entered #########
 082821 09:55:50 PM: INFO: ####### Clicked on Continue #########
 082821 09:55:50 PM: INFO: ####### Password entered #########
 082821 09:55:50 PM: INFO: ####### Clicked on Login  #########
 082821 10:02:17 PM: INFO: #######Test_001_Login #########
 082821 10:02:17 PM: INFO: #######test_homePageValidate started #########
 082821 10:02:20 PM: INFO: #######test_homePageValidate successful #########
 082821 10:02:25 PM: INFO: #######test_login #########
 082821 10:02:26 PM: INFO: ####### Email entered #########
 082821 10:02:27 PM: INFO: ####### Clicked on Continue #########
 082821 10:02:27 PM: INFO: ####### Password entered #########
 082821 10:02:27 PM: INFO: ####### Clicked on Login  #########
 082821 10:02:29 PM: INFO: ####### Clicked on Logout  #########
 082821 10:13:42 PM: INFO: #######Test_002_Login_DDT #########
 082821 10:13:42 PM: INFO: #######test_login_ddt #########
 082821 10:14:32 PM: INFO: #######Test_002_Login_DDT #########
 082821 10:14:32 PM: INFO: #######test_login_ddt #########
 082821 10:15:20 PM: INFO: #######Test_002_Login_DDT #########
 082821 10:15:20 PM: INFO: #######test_login_ddt #########
 082821 10:15:21 PM: INFO: ####### Email entered #########
 082821 10:15:21 PM: INFO: ####### Clicked on Continue #########
 082821 10:15:21 PM: INFO: ####### Password entered #########
 082821 10:15:21 PM: INFO: ####### Clicked on Login  #########
 082821 10:15:23 PM: INFO: Passed: exp result Failed : title
 082821 10:16:13 PM: INFO: #######Test_002_Login_DDT #########
 082821 10:16:13 PM: INFO: #######test_login_ddt #########
 082821 10:16:14 PM: INFO: ####### Email entered #########
 082821 10:16:15 PM: INFO: ####### Clicked on Continue #########
 082821 10:16:15 PM: INFO: ####### Password entered #########
 082821 10:16:17 PM: INFO: ####### Clicked on Login  #########
 082821 10:16:17 PM: INFO: Passed : title Passed: expected result
 082821 10:16:18 PM: INFO: ####### Email entered #########
 082821 10:16:19 PM: INFO: ####### Clicked on Continue #########
 082821 10:16:19 PM: INFO: ####### Password entered #########
 082821 10:16:21 PM: INFO: ####### Clicked on Login  #########
 082821 10:16:21 PM: INFO: Failed: title Failed: expected result
 082821 10:19:18 PM: INFO: #######Test_002_Login_DDT #########
 082821 10:19:18 PM: INFO: #######test_login_ddt #########
 082821 10:19:18 PM: INFO: ####### Email entered #########
 082821 10:19:19 PM: INFO: ####### Clicked on Continue #########
 082821 10:19:19 PM: INFO: ####### Password entered #########
 082821 10:19:21 PM: INFO: ####### Clicked on Login  #########
 082821 10:19:21 PM: INFO: Passed : title Passed: expected result
 082821 10:19:40 PM: INFO: #######Test_002_Login_DDT #########
 082821 10:19:40 PM: INFO: #######test_login_ddt #########
 082821 10:19:41 PM: INFO: ####### Email entered #########
 082821 10:19:41 PM: INFO: ####### Clicked on Continue #########
 082821 10:19:41 PM: INFO: ####### Password entered #########
 082821 10:19:43 PM: INFO: ####### Clicked on Login  #########
 082821 10:19:43 PM: INFO: Passed : title Passed: expected result
 082821 10:19:44 PM: INFO: ####### Email entered #########
 082821 10:19:45 PM: INFO: ####### Clicked on Continue #########
 082821 10:19:45 PM: INFO: ####### Password entered #########
 082821 10:19:47 PM: INFO: ####### Clicked on Login  #########
 082821 10:19:47 PM: INFO: Failed: title Failed: expected result
 082821 10:22:26 PM: INFO: #######Test_002_Login_DDT #########
 082821 10:22:26 PM: INFO: #######test_login_ddt #########
 082821 10:22:27 PM: INFO: ####### Email entered #########
 082821 10:22:28 PM: INFO: ####### Clicked on Continue #########
 082821 10:22:28 PM: INFO: ####### Password entered #########
 082821 10:22:30 PM: INFO: ####### Clicked on Login  #########
 082821 10:22:30 PM: INFO: Passed : title Passed: expected result
 082821 10:22:32 PM: INFO: ####### Email entered #########
 082821 10:22:32 PM: INFO: ####### Clicked on Continue #########
 082821 10:22:32 PM: INFO: ####### Password entered #########
 082821 10:22:34 PM: INFO: ####### Clicked on Login  #########
 082821 10:22:34 PM: INFO: Failed: title Failed: expected result
 082821 10:26:42 PM: INFO: #######Test_002_Login_DDT #########
 082821 10:26:42 PM: INFO: #######test_login_ddt #########
 082821 10:26:43 PM: INFO: ####### Email entered #########
 082821 10:26:43 PM: INFO: ####### Clicked on Continue #########
 082821 10:26:43 PM: INFO: ####### Password entered #########
 082821 10:26:45 PM: INFO: ####### Clicked on Login  #########
 082821 10:26:45 PM: INFO: Failed: title Failed: expected result
 082821 10:35:32 PM: INFO: #######Test_002_Login_DDT #########
 082821 10:35:32 PM: INFO: #######test_login_ddt #########
 082821 10:35:33 PM: INFO: ####### Email entered #########
 082821 10:35:33 PM: INFO: ####### Clicked on Continue #########
 082821 10:35:33 PM: INFO: ####### Password entered #########
 082821 10:35:35 PM: INFO: ####### Clicked on Login  #########
 082821 10:35:35 PM: INFO: Failed: title Failed: expected result
 082821 10:36:06 PM: INFO: #######Test_002_Login_DDT #########
 082821 10:36:06 PM: INFO: #######test_login_ddt #########
 082821 10:36:08 PM: INFO: ####### Email entered #########
 082821 10:36:09 PM: INFO: ####### Clicked on Continue #########
 082821 10:36:09 PM: INFO: ####### Password entered #########
 082821 10:36:11 PM: INFO: ####### Clicked on Login  #########
 082821 10:36:11 PM: INFO: Failed: title Failed: expected result
 082821 10:38:15 PM: INFO: #######Test_002_Login_DDT #########
 082821 10:38:15 PM: INFO: #######test_login_ddt #########
 082821 10:38:16 PM: INFO: ####### Email entered #########
 082821 10:38:16 PM: INFO: ####### Clicked on Continue #########
 082821 10:38:16 PM: INFO: ####### Password entered #########
 082821 10:38:18 PM: INFO: ####### Clicked on Login  #########
 082821 10:38:18 PM: INFO: Failed: title Failed: expected result
 082821 10:39:11 PM: INFO: #######Test_002_Login_DDT #########
 082821 10:39:11 PM: INFO: #######test_login_ddt #########
 082821 10:39:12 PM: INFO: ####### Email entered #########
 082821 10:39:12 PM: INFO: ####### Clicked on Continue #########
 082821 10:39:12 PM: INFO: ####### Password entered #########
 082821 10:39:14 PM: INFO: ####### Clicked on Login  #########
 082821 10:39:14 PM: INFO: Failed: title Failed: expected result
 082821 10:42:57 PM: INFO: #######Test_002_Login_DDT #########
 082821 10:42:57 PM: INFO: #######test_login_ddt #########
 082821 10:42:59 PM: INFO: ####### Email entered #########
 082821 10:42:59 PM: INFO: ####### Clicked on Continue #########
 082821 10:42:59 PM: INFO: ####### Password entered #########
 082821 10:43:01 PM: INFO: ####### Clicked on Login  #########
 082821 10:43:01 PM: INFO: Failed: title Failed: expected result
 082821 10:44:02 PM: INFO: #######Test_002_Login_DDT #########
 082821 10:44:02 PM: INFO: #######test_login_ddt #########
 082821 10:44:03 PM: INFO: ####### Email entered #########
 082821 10:44:03 PM: INFO: ####### Clicked on Continue #########
 082821 10:44:03 PM: INFO: ####### Password entered #########
 082821 10:44:05 PM: INFO: ####### Clicked on Login  #########
 082821 10:44:05 PM: INFO: Passed : title Passed: expected result
 082821 10:44:07 PM: INFO: ####### Email entered #########
 082821 10:44:07 PM: INFO: ####### Clicked on Continue #########
 082821 10:45:34 PM: INFO: #######Test_002_Login_DDT #########
 082821 10:45:34 PM: INFO: #######test_login_ddt #########
 082821 10:45:34 PM: INFO: ####### Email entered #########
 082821 10:45:35 PM: INFO: ####### Clicked on Continue #########
 082821 10:45:35 PM: INFO: ####### Password entered #########
 082821 10:45:37 PM: INFO: ####### Clicked on Login  #########
 082821 10:45:37 PM: INFO: Passed : title Passed: expected result
 082821 10:45:39 PM: INFO: logout
 082821 10:45:39 PM: INFO: ####### Email entered #########
 082821 10:45:39 PM: INFO: ####### Clicked on Continue #########
 082821 10:46:40 PM: INFO: #######Test_002_Login_DDT #########
 082821 10:46:40 PM: INFO: #######test_login_ddt #########
 082821 10:46:41 PM: INFO: ####### Email entered #########
 082821 10:46:42 PM: INFO: ####### Clicked on Continue #########
 082821 10:46:42 PM: INFO: ####### Password entered #########
 082821 10:46:44 PM: INFO: ####### Clicked on Login  #########
 082821 10:46:44 PM: INFO: Passed : title Passed: expected result
 082821 10:46:46 PM: INFO: logout
 082821 10:46:46 PM: INFO: ####### Email entered #########
 082821 10:46:46 PM: INFO: ####### Clicked on Continue #########
 082821 10:46:46 PM: INFO: ####### Password entered #########
 082821 10:46:48 PM: INFO: ####### Clicked on Login  #########
 082821 10:46:48 PM: INFO: Failed: title Failed: expected result
 082821 11:05:03 PM: INFO: #######Test_002_Login_DDT #########
 082821 11:05:03 PM: INFO: #######test_login_ddt #########
 082821 11:05:05 PM: INFO: ####### Email entered #########
 082821 11:05:05 PM: INFO: ####### Clicked on Continue #########
 082821 11:05:05 PM: INFO: ####### Password entered #########
 082821 11:05:08 PM: INFO: ####### Clicked on Login  #########
 082821 11:05:08 PM: INFO: Passed : title Passed: expected result
 082821 11:05:09 PM: INFO: logout
 082821 11:05:10 PM: INFO: ####### Email entered #########
 082821 11:05:10 PM: INFO: ####### Clicked on Continue #########
 082821 11:05:10 PM: INFO: ####### Password entered #########
 082821 11:05:12 PM: INFO: ####### Clicked on Login  #########
 082821 11:05:12 PM: INFO: Failed: title Failed: expected result
 082821 11:05:12 PM: INFO: Failed: title Failed: expected result
 082821 11:05:12 PM: INFO: Failed: title Failed: expected result
 082821 11:05:12 PM: INFO: Login DDT test passed.........
 082821 11:05:16 PM: INFO: Amazon Login DDT Completed
 082821 11:07:04 PM: INFO: #######Test_002_Login_DDT #########
 082821 11:07:04 PM: INFO: #######test_login_ddt #########
 082821 11:07:06 PM: INFO: ####### Email entered #########
 082821 11:07:06 PM: INFO: ####### Clicked on Continue #########
 082821 11:07:06 PM: INFO: ####### Password entered #########
 082821 11:07:08 PM: INFO: ####### Clicked on Login  #########
 082821 11:07:08 PM: INFO: Passed : title Passed: expected result
 082821 11:07:11 PM: INFO: logout
 082821 11:07:11 PM: INFO: ####### Email entered #########
 082821 11:07:11 PM: INFO: ####### Clicked on Continue #########
 082821 11:07:11 PM: INFO: ####### Password entered #########
 082821 11:07:13 PM: INFO: ####### Clicked on Login  #########
 082821 11:07:14 PM: INFO: Failed: title Failed: expected result
 082821 11:07:14 PM: INFO: Failed: title Failed: expected result
 082821 11:07:14 PM: INFO: Failed: title Failed: expected result
 082821 11:07:14 PM: INFO: Login DDT test passed.........
 082821 11:07:18 PM: INFO: Amazon Login DDT Completed
